
> pharma-backend@0.1.0 start:commerce
> nest start commerce-service

webpack 5.106.0 compiled [1m[32msuccessfully[39m[22m in 5491 ms
[32m[Nest] 1456  - [39m17/05/2026, 19:59:15 [32m    LOG[39m [38;5;3m[NestFactory] [39m[32mStarting Nest application...[39m
[32m[Nest] 1456  - [39m17/05/2026, 19:59:15 [32m    LOG[39m [38;5;3m[InstanceLoader] [39m[32mLoggerModule dependencies initialized[39m[38;5;3m +28ms[39m
[32m[Nest] 1456  - [39m17/05/2026, 19:59:15 [32m    LOG[39m [38;5;3m[InstanceLoader] [39m[32mCommercePrismaModule dependencies initialized[39m[38;5;3m +2ms[39m
[32m[Nest] 1456  - [39m17/05/2026, 19:59:15 [32m    LOG[39m [38;5;3m[InstanceLoader] [39m[32mCatalogModule dependencies initialized[39m[38;5;3m +0ms[39m
[32m[Nest] 1456  - [39m17/05/2026, 19:59:15 [32m    LOG[39m [38;5;3m[InstanceLoader] [39m[32mConfigHostModule dependencies initialized[39m[38;5;3m +10ms[39m
[32m[Nest] 1456  - [39m17/05/2026, 19:59:15 [32m    LOG[39m [38;5;3m[InstanceLoader] [39m[32mThrottlerModule dependencies initialized[39m[38;5;3m +0ms[39m
[32m[Nest] 1456  - [39m17/05/2026, 19:59:15 [32m    LOG[39m [38;5;3m[InstanceLoader] [39m[32mEventBusModule dependencies initialized[39m[38;5;3m +1ms[39m
[32m[Nest] 1456  - [39m17/05/2026, 19:59:15 [32m    LOG[39m [38;5;3m[InstanceLoader] [39m[32mConfigModule dependencies initialized[39m[38;5;3m +1ms[39m
[32m[Nest] 1456  - [39m17/05/2026, 19:59:15 [32m    LOG[39m [38;5;3m[InstanceLoader] [39m[32mCartModule dependencies initialized[39m[38;5;3m +1ms[39m
[32m[Nest] 1456  - [39m17/05/2026, 19:59:15 [32m    LOG[39m [38;5;3m[InstanceLoader] [39m[32mCheckoutModule dependencies initialized[39m[38;5;3m +0ms[39m
[32m[Nest] 1456  - [39m17/05/2026, 19:59:15 [32m    LOG[39m [38;5;3m[InstanceLoader] [39m[32mCouponsModule dependencies initialized[39m[38;5;3m +1ms[39m
[32m[Nest] 1456  - [39m17/05/2026, 19:59:15 [32m    LOG[39m [38;5;3m[InstanceLoader] [39m[32mOrdersModule dependencies initialized[39m[38;5;3m +0ms[39m
[32m[Nest] 1456  - [39m17/05/2026, 19:59:15 [32m    LOG[39m [38;5;3m[InstanceLoader] [39m[32mPaymentsModule dependencies initialized[39m[38;5;3m +0ms[39m
[32m[Nest] 1456  - [39m17/05/2026, 19:59:15 [32m    LOG[39m [38;5;3m[InstanceLoader] [39m[32mReviewsModule dependencies initialized[39m[38;5;3m +0ms[39m
[32m[Nest] 1456  - [39m17/05/2026, 19:59:15 [32m    LOG[39m [38;5;3m[InstanceLoader] [39m[32mCategoriesModule dependencies initialized[39m[38;5;3m +0ms[39m
[32m[Nest] 1456  - [39m17/05/2026, 19:59:15 [32m    LOG[39m [38;5;3m[InstanceLoader] [39m[32mBrandsModule dependencies initialized[39m[38;5;3m +1ms[39m
[32m[Nest] 1456  - [39m17/05/2026, 19:59:15 [32m    LOG[39m [38;5;3m[InstanceLoader] [39m[32mAppModule dependencies initialized[39m[38;5;3m +0ms[39m
[32m[Nest] 1456  - [39m17/05/2026, 19:59:15 [32m    LOG[39m [38;5;3m[InstanceLoader] [39m[32mProductsModule dependencies initialized[39m[38;5;3m +0ms[39m
[32m[Nest] 1456  - [39m17/05/2026, 19:59:15 [32m    LOG[39m [38;5;3m[InstanceLoader] [39m[32mPaymentGatewaysModule dependencies initialized[39m[38;5;3m +1ms[39m
[32m[Nest] 1456  - [39m17/05/2026, 19:59:15 [32m    LOG[39m [38;5;3m[RoutesResolver] [39m[32mHealthController {/}:[39m[38;5;3m +47ms[39m
[32m[Nest] 1456  - [39m17/05/2026, 19:59:15 [32m    LOG[39m [38;5;3m[RouterExplorer] [39m[32mMapped {/health, GET} route[39m[38;5;3m +2ms[39m
[32m[Nest] 1456  - [39m17/05/2026, 19:59:15 [32m    LOG[39m [38;5;3m[RouterExplorer] [39m[32mMapped {/api/health, GET} route[39m[38;5;3m +0ms[39m
[32m[Nest] 1456  - [39m17/05/2026, 19:59:15 [32m    LOG[39m [38;5;3m[RoutesResolver] [39m[32mCartController {/api/carts}:[39m[38;5;3m +0ms[39m
[32m[Nest] 1456  - [39m17/05/2026, 19:59:15 [32m    LOG[39m [38;5;3m[RouterExplorer] [39m[32mMapped {/api/carts/current, GET} route[39m[38;5;3m +1ms[39m
[32m[Nest] 1456  - [39m17/05/2026, 19:59:15 [32m    LOG[39m [38;5;3m[RouterExplorer] [39m[32mMapped {/api/carts/:id, GET} route[39m[38;5;3m +0ms[39m
[32m[Nest] 1456  - [39m17/05/2026, 19:59:15 [32m    LOG[39m [38;5;3m[RouterExplorer] [39m[32mMapped {/api/carts/items, POST} route[39m[38;5;3m +1ms[39m
[32m[Nest] 1456  - [39m17/05/2026, 19:59:15 [32m    LOG[39m [38;5;3m[RouterExplorer] [39m[32mMapped {/api/carts/items/:itemId, PATCH} route[39m[38;5;3m +0ms[39m
[32m[Nest] 1456  - [39m17/05/2026, 19:59:15 [32m    LOG[39m [38;5;3m[RouterExplorer] [39m[32mMapped {/api/carts/items/:itemId, DELETE} route[39m[38;5;3m +1ms[39m
[32m[Nest] 1456  - [39m17/05/2026, 19:59:15 [32m    LOG[39m [38;5;3m[RouterExplorer] [39m[32mMapped {/api/carts/current, DELETE} route[39m[38;5;3m +0ms[39m
[32m[Nest] 1456  - [39m17/05/2026, 19:59:15 [32m    LOG[39m [38;5;3m[RoutesResolver] [39m[32mCheckoutController {/api/checkout}:[39m[38;5;3m +0ms[39m
[32m[Nest] 1456  - [39m17/05/2026, 19:59:15 [32m    LOG[39m [38;5;3m[RouterExplorer] [39m[32mMapped {/api/checkout, POST} route[39m[38;5;3m +1ms[39m
[32m[Nest] 1456  - [39m17/05/2026, 19:59:15 [32m    LOG[39m [38;5;3m[RoutesResolver] [39m[32mCouponsController {/api/coupons}:[39m[38;5;3m +0ms[39m
[32m[Nest] 1456  - [39m17/05/2026, 19:59:15 [32m    LOG[39m [38;5;3m[RouterExplorer] [39m[32mMapped {/api/coupons, GET} route[39m[38;5;3m +0ms[39m
[32m[Nest] 1456  - [39m17/05/2026, 19:59:15 [32m    LOG[39m [38;5;3m[RouterExplorer] [39m[32mMapped {/api/coupons/code/:code, GET} route[39m[38;5;3m +1ms[39m
[32m[Nest] 1456  - [39m17/05/2026, 19:59:15 [32m    LOG[39m [38;5;3m[RouterExplorer] [39m[32mMapped {/api/coupons/:id, GET} route[39m[38;5;3m +0ms[39m
[32m[Nest] 1456  - [39m17/05/2026, 19:59:15 [32m    LOG[39m [38;5;3m[RouterExplorer] [39m[32mMapped {/api/coupons, POST} route[39m[38;5;3m +0ms[39m
[32m[Nest] 1456  - [39m17/05/2026, 19:59:15 [32m    LOG[39m [38;5;3m[RouterExplorer] [39m[32mMapped {/api/coupons/:id, PATCH} route[39m[38;5;3m +1ms[39m
[32m[Nest] 1456  - [39m17/05/2026, 19:59:15 [32m    LOG[39m [38;5;3m[RouterExplorer] [39m[32mMapped {/api/coupons/:id, DELETE} route[39m[38;5;3m +0ms[39m
[32m[Nest] 1456  - [39m17/05/2026, 19:59:15 [32m    LOG[39m [38;5;3m[RouterExplorer] [39m[32mMapped {/api/coupons/validate, POST} route[39m[38;5;3m +1ms[39m
[32m[Nest] 1456  - [39m17/05/2026, 19:59:15 [32m    LOG[39m [38;5;3m[RouterExplorer] [39m[32mMapped {/api/coupons/:id/usages, GET} route[39m[38;5;3m +0ms[39m
[32m[Nest] 1456  - [39m17/05/2026, 19:59:15 [32m    LOG[39m [38;5;3m[RoutesResolver] [39m[32mOrdersController {/api/orders}:[39m[38;5;3m +0ms[39m
[32m[Nest] 1456  - [39m17/05/2026, 19:59:15 [32m    LOG[39m [38;5;3m[RouterExplorer] [39m[32mMapped {/api/orders, GET} route[39m[38;5;3m +1ms[39m
[32m[Nest] 1456  - [39m17/05/2026, 19:59:15 [32m    LOG[39m [38;5;3m[RouterExplorer] [39m[32mMapped {/api/orders/my, GET} route[39m[38;5;3m +0ms[39m
[32m[Nest] 1456  - [39m17/05/2026, 19:59:15 [32m    LOG[39m [38;5;3m[RouterExplorer] [39m[32mMapped {/api/orders/order-no/:orderNo, GET} route[39m[38;5;3m +0ms[39m
[32m[Nest] 1456  - [39m17/05/2026, 19:59:15 [32m    LOG[39m [38;5;3m[RouterExplorer] [39m[32mMapped {/api/orders/:id, GET} route[39m[38;5;3m +1ms[39m
[32m[Nest] 1456  - [39m17/05/2026, 19:59:15 [32m    LOG[39m [38;5;3m[RouterExplorer] [39m[32mMapped {/api/orders/:id/status, PATCH} route[39m[38;5;3m +1ms[39m
[32m[Nest] 1456  - [39m17/05/2026, 19:59:15 [32m    LOG[39m [38;5;3m[RouterExplorer] [39m[32mMapped {/api/orders/:id/cancel, PATCH} route[39m[38;5;3m +0ms[39m
[32m[Nest] 1456  - [39m17/05/2026, 19:59:15 [32m    LOG[39m [38;5;3m[RoutesResolver] [39m[32mPaymentGatewaysController {/api/payment-gateways}:[39m[38;5;3m +0ms[39m
[32m[Nest] 1456  - [39m17/05/2026, 19:59:15 [32m    LOG[39m [38;5;3m[RouterExplorer] [39m[32mMapped {/api/payment-gateways/providers, GET} route[39m[38;5;3m +0ms[39m
[32m[Nest] 1456  - [39m17/05/2026, 19:59:15 [32m    LOG[39m [38;5;3m[RouterExplorer] [39m[32mMapped {/api/payment-gateways/transactions, GET} route[39m[38;5;3m +1ms[39m
[32m[Nest] 1456  - [39m17/05/2026, 19:59:15 [32m    LOG[39m [38;5;3m[RouterExplorer] [39m[32mMapped {/api/payment-gateways/transactions/:id, GET} route[39m[38;5;3m +0ms[39m
[32m[Nest] 1456  - [39m17/05/2026, 19:59:15 [32m    LOG[39m [38;5;3m[RouterExplorer] [39m[32mMapped {/api/payment-gateways/initiate, POST} route[39m[38;5;3m +1ms[39m
[32m[Nest] 1456  - [39m17/05/2026, 19:59:15 [32m    LOG[39m [38;5;3m[RouterExplorer] [39m[32mMapped {/api/payment-gateways/transactions/:id/sync, POST} route[39m[38;5;3m +0ms[39m
[32m[Nest] 1456  - [39m17/05/2026, 19:59:15 [32m    LOG[39m [38;5;3m[RouterExplorer] [39m[32mMapped {/api/payment-gateways/vnpay/return, GET} route[39m[38;5;3m +1ms[39m
[32m[Nest] 1456  - [39m17/05/2026, 19:59:15 [32m    LOG[39m [38;5;3m[RouterExplorer] [39m[32mMapped {/api/payment-gateways/vnpay/ipn, GET} route[39m[38;5;3m +0ms[39m
[32m[Nest] 1456  - [39m17/05/2026, 19:59:15 [32m    LOG[39m [38;5;3m[RouterExplorer] [39m[32mMapped {/api/payment-gateways/momo/return, GET} route[39m[38;5;3m +1ms[39m
[32m[Nest] 1456  - [39m17/05/2026, 19:59:15 [32m    LOG[39m [38;5;3m[RouterExplorer] [39m[32mMapped {/api/payment-gateways/momo/ipn, POST} route[39m[38;5;3m +3ms[39m
[32m[Nest] 1456  - [39m17/05/2026, 19:59:15 [32m    LOG[39m [38;5;3m[RouterExplorer] [39m[32mMapped {/api/payment-gateways/zalopay/return, GET} route[39m[38;5;3m +1ms[39m
[32m[Nest] 1456  - [39m17/05/2026, 19:59:15 [32m    LOG[39m [38;5;3m[RouterExplorer] [39m[32mMapped {/api/payment-gateways/zalopay/callback, POST} route[39m[38;5;3m +0ms[39m
[32m[Nest] 1456  - [39m17/05/2026, 19:59:15 [32m    LOG[39m [38;5;3m[RoutesResolver] [39m[32mPaymentsController {/api/payments}:[39m[38;5;3m +0ms[39m
[32m[Nest] 1456  - [39m17/05/2026, 19:59:15 [32m    LOG[39m [38;5;3m[RouterExplorer] [39m[32mMapped {/api/payments, GET} route[39m[38;5;3m +1ms[39m
[32m[Nest] 1456  - [39m17/05/2026, 19:59:15 [32m    LOG[39m [38;5;3m[RouterExplorer] [39m[32mMapped {/api/payments/order/:onlineOrderId, GET} route[39m[38;5;3m +0ms[39m
[32m[Nest] 1456  - [39m17/05/2026, 19:59:15 [32m    LOG[39m [38;5;3m[RouterExplorer] [39m[32mMapped {/api/payments/:id, GET} route[39m[38;5;3m +0ms[39m
[32m[Nest] 1456  - [39m17/05/2026, 19:59:15 [32m    LOG[39m [38;5;3m[RouterExplorer] [39m[32mMapped {/api/payments/:id/status, PATCH} route[39m[38;5;3m +1ms[39m
[32m[Nest] 1456  - [39m17/05/2026, 19:59:15 [32m    LOG[39m [38;5;3m[RoutesResolver] [39m[32mReviewsController {/api/reviews}:[39m[38;5;3m +0ms[39m
[32m[Nest] 1456  - [39m17/05/2026, 19:59:15 [32m    LOG[39m [38;5;3m[RouterExplorer] [39m[32mMapped {/api/reviews, GET} route[39m[38;5;3m +0ms[39m
[32m[Nest] 1456  - [39m17/05/2026, 19:59:15 [32m    LOG[39m [38;5;3m[RouterExplorer] [39m[32mMapped {/api/reviews/product/:productId, GET} route[39m[38;5;3m +0ms[39m
[32m[Nest] 1456  - [39m17/05/2026, 19:59:15 [32m    LOG[39m [38;5;3m[RouterExplorer] [39m[32mMapped {/api/reviews/:id, GET} route[39m[38;5;3m +1ms[39m
[32m[Nest] 1456  - [39m17/05/2026, 19:59:15 [32m    LOG[39m [38;5;3m[RouterExplorer] [39m[32mMapped {/api/reviews, POST} route[39m[38;5;3m +0ms[39m
[32m[Nest] 1456  - [39m17/05/2026, 19:59:15 [32m    LOG[39m [38;5;3m[RouterExplorer] [39m[32mMapped {/api/reviews/:id, PATCH} route[39m[38;5;3m +0ms[39m
[32m[Nest] 1456  - [39m17/05/2026, 19:59:15 [32m    LOG[39m [38;5;3m[RouterExplorer] [39m[32mMapped {/api/reviews/:id/moderate, PATCH} route[39m[38;5;3m +1ms[39m
[32m[Nest] 1456  - [39m17/05/2026, 19:59:15 [32m    LOG[39m [38;5;3m[RouterExplorer] [39m[32mMapped {/api/reviews/:id, DELETE} route[39m[38;5;3m +0ms[39m
[32m[Nest] 1456  - [39m17/05/2026, 19:59:15 [32m    LOG[39m [38;5;3m[RoutesResolver] [39m[32mCategoriesController {/api/categories}:[39m[38;5;3m +1ms[39m
[32m[Nest] 1456  - [39m17/05/2026, 19:59:15 [32m    LOG[39m [38;5;3m[RouterExplorer] [39m[32mMapped {/api/categories, GET} route[39m[38;5;3m +0ms[39m
[32m[Nest] 1456  - [39m17/05/2026, 19:59:15 [32m    LOG[39m [38;5;3m[RouterExplorer] [39m[32mMapped {/api/categories/:id, GET} route[39m[38;5;3m +0ms[39m
[32m[Nest] 1456  - [39m17/05/2026, 19:59:15 [32m    LOG[39m [38;5;3m[RouterExplorer] [39m[32mMapped {/api/categories, POST} route[39m[38;5;3m +1ms[39m
[32m[Nest] 1456  - [39m17/05/2026, 19:59:15 [32m    LOG[39m [38;5;3m[RouterExplorer] [39m[32mMapped {/api/categories/:id, PATCH} route[39m[38;5;3m +0ms[39m
[32m[Nest] 1456  - [39m17/05/2026, 19:59:15 [32m    LOG[39m [38;5;3m[RouterExplorer] [39m[32mMapped {/api/categories/:id, DELETE} route[39m[38;5;3m +0ms[39m
[32m[Nest] 1456  - [39m17/05/2026, 19:59:15 [32m    LOG[39m [38;5;3m[RoutesResolver] [39m[32mBrandsController {/api/brands}:[39m[38;5;3m +1ms[39m
[32m[Nest] 1456  - [39m17/05/2026, 19:59:15 [32m    LOG[39m [38;5;3m[RouterExplorer] [39m[32mMapped {/api/brands, GET} route[39m[38;5;3m +1ms[39m
[32m[Nest] 1456  - [39m17/05/2026, 19:59:15 [32m    LOG[39m [38;5;3m[RouterExplorer] [39m[32mMapped {/api/brands/:id, GET} route[39m[38;5;3m +0ms[39m
[32m[Nest] 1456  - [39m17/05/2026, 19:59:15 [32m    LOG[39m [38;5;3m[RouterExplorer] [39m[32mMapped {/api/brands, POST} route[39m[38;5;3m +1ms[39m
[32m[Nest] 1456  - [39m17/05/2026, 19:59:15 [32m    LOG[39m [38;5;3m[RouterExplorer] [39m[32mMapped {/api/brands/:id, PATCH} route[39m[38;5;3m +0ms[39m
[32m[Nest] 1456  - [39m17/05/2026, 19:59:15 [32m    LOG[39m [38;5;3m[RouterExplorer] [39m[32mMapped {/api/brands/:id, DELETE} route[39m[38;5;3m +0ms[39m
[32m[Nest] 1456  - [39m17/05/2026, 19:59:15 [32m    LOG[39m [38;5;3m[RoutesResolver] [39m[32mProductsController {/api/products}:[39m[38;5;3m +1ms[39m
[32m[Nest] 1456  - [39m17/05/2026, 19:59:15 [32m    LOG[39m [38;5;3m[RouterExplorer] [39m[32mMapped {/api/products, GET} route[39m[38;5;3m +0ms[39m
[32m[Nest] 1456  - [39m17/05/2026, 19:59:15 [32m    LOG[39m [38;5;3m[RouterExplorer] [39m[32mMapped {/api/products/sku/:sku, GET} route[39m[38;5;3m +1ms[39m
[32m[Nest] 1456  - [39m17/05/2026, 19:59:15 [32m    LOG[39m [38;5;3m[RouterExplorer] [39m[32mMapped {/api/products/barcode/:barcode, GET} route[39m[38;5;3m +0ms[39m
[32m[Nest] 1456  - [39m17/05/2026, 19:59:15 [32m    LOG[39m [38;5;3m[RouterExplorer] [39m[32mMapped {/api/products/:id, GET} route[39m[38;5;3m +0ms[39m
[32m[Nest] 1456  - [39m17/05/2026, 19:59:15 [32m    LOG[39m [38;5;3m[RouterExplorer] [39m[32mMapped {/api/products, POST} route[39m[38;5;3m +1ms[39m
[32m[Nest] 1456  - [39m17/05/2026, 19:59:15 [32m    LOG[39m [38;5;3m[RouterExplorer] [39m[32mMapped {/api/products/:id, PATCH} route[39m[38;5;3m +0ms[39m
[32m[Nest] 1456  - [39m17/05/2026, 19:59:15 [32m    LOG[39m [38;5;3m[RouterExplorer] [39m[32mMapped {/api/products/:id, DELETE} route[39m[38;5;3m +0ms[39m
[32m[Nest] 1456  - [39m17/05/2026, 19:59:15 [32m    LOG[39m [38;5;3m[RouterExplorer] [39m[32mMapped {/api/products/:productId/images, POST} route[39m[38;5;3m +1ms[39m
[32m[Nest] 1456  - [39m17/05/2026, 19:59:15 [32m    LOG[39m [38;5;3m[RouterExplorer] [39m[32mMapped {/api/products/:productId/images/:imageId, DELETE} route[39m[38;5;3m +0ms[39m
[32m[Nest] 1456  - [39m17/05/2026, 19:59:15 [32m    LOG[39m [38;5;3m[RouterExplorer] [39m[32mMapped {/api/products/:productId/variants, POST} route[39m[38;5;3m +1ms[39m
[32m[Nest] 1456  - [39m17/05/2026, 19:59:15 [32m    LOG[39m [38;5;3m[RouterExplorer] [39m[32mMapped {/api/products/:productId/variants/:variantId, PATCH} route[39m[38;5;3m +0ms[39m
[32m[Nest] 1456  - [39m17/05/2026, 19:59:15 [32m    LOG[39m [38;5;3m[RouterExplorer] [39m[32mMapped {/api/products/:productId/variants/:variantId, DELETE} route[39m[38;5;3m +0ms[39m
[32m[Nest] 1456  - [39m17/05/2026, 19:59:15 [32m    LOG[39m [38;5;3m[NestApplication] [39m[32mNest application successfully started[39m[38;5;3m +51ms[39m
[32m[Nest] 1456  - [39m17/05/2026, 19:59:34 [32m    LOG[39m [38;5;3m[commerce-service] [39m[32m{"message":"HTTP Request","requestId":"1ed8dfce-7214-4c9f-9fd3-a074ed7dcb5c","serviceName":"commerce-service","method":"GET","path":"/api/health","statusCode":200,"durationMs":9,"ip":"::1","userAgent":"Mozilla/5.0 (Windows NT; Windows NT 10.0; en-BZ) WindowsPowerShell/5.1.26100.8457"}[39m
[32m[Nest] 1456  - [39m17/05/2026, 20:00:00 [32m    LOG[39m [38;5;3m[commerce-service] [39m[32m{"message":"HTTP Request","requestId":"0af38363-42da-4fe5-85a2-003bd41d5f44","serviceName":"commerce-service","method":"GET","path":"/api/categories","statusCode":200,"durationMs":28,"ip":"::1","userAgent":"Mozilla/5.0 (Windows NT; Windows NT 10.0; en-BZ) WindowsPowerShell/5.1.26100.8457"}[39m
[32m[Nest] 1456  - [39m17/05/2026, 20:00:00 [32m    LOG[39m [38;5;3m[commerce-service] [39m[32m{"message":"HTTP Request","requestId":"170039ca-672c-4958-b3aa-cd16a407bbde","serviceName":"commerce-service","method":"GET","path":"/api/products","statusCode":200,"durationMs":21,"ip":"::1","userAgent":"Mozilla/5.0 (Windows NT; Windows NT 10.0; en-BZ) WindowsPowerShell/5.1.26100.8457"}[39m
[32m[Nest] 1456  - [39m17/05/2026, 20:00:00 [32m    LOG[39m [38;5;3m[commerce-service] [39m[32m{"message":"HTTP Request","requestId":"14665c69-9dea-40ad-88e4-37cc4c5a184c","serviceName":"commerce-service","method":"GET","path":"/api/brands","statusCode":200,"durationMs":10,"ip":"::1","userAgent":"Mozilla/5.0 (Windows NT; Windows NT 10.0; en-BZ) WindowsPowerShell/5.1.26100.8457"}[39m
[32m[Nest] 1456  - [39m17/05/2026, 20:00:00 [32m    LOG[39m [38;5;3m[commerce-service] [39m[32m{"message":"HTTP Request","requestId":"3763f432-24d4-44ed-91db-389ed65d3814","serviceName":"commerce-service","method":"GET","path":"/api/carts/current?sessionId=smoke","statusCode":200,"durationMs":20,"ip":"::1","userAgent":"Mozilla/5.0 (Windows NT; Windows NT 10.0; en-BZ) WindowsPowerShell/5.1.26100.8457"}[39m
[32m[Nest] 1456  - [39m17/05/2026, 20:00:00 [32m    LOG[39m [38;5;3m[commerce-service] [39m[32m{"message":"HTTP Request","requestId":"ba8648b7-7f8f-40b5-a258-60212d1a75b2","serviceName":"commerce-service","method":"GET","path":"/api/orders","statusCode":200,"durationMs":11,"ip":"::1","userAgent":"Mozilla/5.0 (Windows NT; Windows NT 10.0; en-BZ) WindowsPowerShell/5.1.26100.8457"}[39m
[32m[Nest] 1456  - [39m17/05/2026, 20:00:00 [32m    LOG[39m [38;5;3m[commerce-service] [39m[32m{"message":"HTTP Request","requestId":"6a64cc6b-9dee-4dd8-83e7-2859166991e5","serviceName":"commerce-service","method":"GET","path":"/api/payments","statusCode":200,"durationMs":7,"ip":"::1","userAgent":"Mozilla/5.0 (Windows NT; Windows NT 10.0; en-BZ) WindowsPowerShell/5.1.26100.8457"}[39m
[32m[Nest] 1456  - [39m17/05/2026, 20:00:49 [32m    LOG[39m [38;5;3m[commerce-service] [39m[32m{"message":"HTTP Request","requestId":"30ba1265-68e5-4b9a-818e-ab4d97f7a972","serviceName":"commerce-service","method":"GET","path":"/api/products","statusCode":200,"durationMs":9,"ip":"::1","userAgent":"Mozilla/5.0 (Windows NT; Windows NT 10.0; en-BZ) WindowsPowerShell/5.1.26100.8457"}[39m
[32m[Nest] 1456  - [39m17/05/2026, 20:00:49 [32m    LOG[39m [38;5;3m[commerce-service] [39m[32m{"message":"HTTP Request","requestId":"2db642b0-3efb-4a55-8e98-b93acb6bbb45","serviceName":"commerce-service","method":"GET","path":"/api/categories","statusCode":200,"durationMs":5,"ip":"::1","userAgent":"Mozilla/5.0 (Windows NT; Windows NT 10.0; en-BZ) WindowsPowerShell/5.1.26100.8457"}[39m
[32m[Nest] 1456  - [39m17/05/2026, 20:00:49 [32m    LOG[39m [38;5;3m[commerce-service] [39m[32m{"message":"HTTP Request","requestId":"ac01333b-f248-458b-8c55-532acbdb7bf2","serviceName":"commerce-service","method":"GET","path":"/api/orders","statusCode":200,"durationMs":8,"ip":"::1","userAgent":"Mozilla/5.0 (Windows NT; Windows NT 10.0; en-BZ) WindowsPowerShell/5.1.26100.8457"}[39m
[32m[Nest] 1456  - [39m17/05/2026, 20:00:49 [32m    LOG[39m [38;5;3m[commerce-service] [39m[32m{"message":"HTTP Request","requestId":"b1ec082a-74c5-4d1c-9d02-7cbfe60190e5","serviceName":"commerce-service","method":"GET","path":"/api/brands","statusCode":200,"durationMs":60,"ip":"::1","userAgent":"Mozilla/5.0 (Windows NT; Windows NT 10.0; en-BZ) WindowsPowerShell/5.1.26100.8457"}[39m
[32m[Nest] 1456  - [39m17/05/2026, 20:00:49 [32m    LOG[39m [38;5;3m[commerce-service] [39m[32m{"message":"HTTP Request","requestId":"32441eb0-161e-4e95-9577-9655f54c045c","serviceName":"commerce-service","method":"GET","path":"/api/carts/current?sessionId=smoke-gw","statusCode":200,"durationMs":11,"ip":"::1","userAgent":"Mozilla/5.0 (Windows NT; Windows NT 10.0; en-BZ) WindowsPowerShell/5.1.26100.8457"}[39m
[32m[Nest] 1456  - [39m17/05/2026, 20:00:50 [32m    LOG[39m [38;5;3m[commerce-service] [39m[32m{"message":"HTTP Request","requestId":"09ed1605-2265-405e-b6f9-fc9f87f5abcf","serviceName":"commerce-service","method":"GET","path":"/api/payments","statusCode":200,"durationMs":4,"ip":"::1","userAgent":"Mozilla/5.0 (Windows NT; Windows NT 10.0; en-BZ) WindowsPowerShell/5.1.26100.8457"}[39m
[32m[Nest] 1456  - [39m17/05/2026, 20:01:10 [32m    LOG[39m [38;5;3m[commerce-service] [39m[32m{"message":"HTTP Request","requestId":"af182d12-5a05-486e-8346-77906116d701","serviceName":"commerce-service","method":"GET","path":"/api/products","statusCode":200,"durationMs":6,"ip":"::1","userAgent":"Mozilla/5.0 (Windows NT; Windows NT 10.0; en-BZ) WindowsPowerShell/5.1.26100.8457"}[39m
[32m[Nest] 1456  - [39m17/05/2026, 20:01:10 [32m    LOG[39m [38;5;3m[commerce-service] [39m[32m{"message":"HTTP Request","requestId":"55c203a6-3b35-43a2-bdf5-285265e5f04f","serviceName":"commerce-service","method":"GET","path":"/api/products/d6788cc3-c49d-4ca6-a17d-57f7f246a581","statusCode":200,"durationMs":6,"ip":"::1","userAgent":"Mozilla/5.0 (Windows NT; Windows NT 10.0; en-BZ) WindowsPowerShell/5.1.26100.8457"}[39m
[32m[Nest] 1456  - [39m17/05/2026, 20:01:10 [32m    LOG[39m [38;5;3m[commerce-service] [39m[32m{"message":"HTTP Request","requestId":"cfbb95ed-5afd-4b51-aa86-0e2cd2e28013","serviceName":"commerce-service","method":"POST","path":"/api/carts/items?sessionId=smoke-flow-f8677525a7014be4b8e747edfac84a0f","statusCode":201,"durationMs":12,"ip":"::1","userAgent":"Mozilla/5.0 (Windows NT; Windows NT 10.0; en-BZ) WindowsPowerShell/5.1.26100.8457"}[39m
[32m[Nest] 1456  - [39m17/05/2026, 20:01:10 [32m    LOG[39m [38;5;3m[commerce-service] [39m[32m{"message":"HTTP Request","requestId":"fe34f2d7-5a4a-497b-8976-315e86666b9f","serviceName":"commerce-service","method":"GET","path":"/api/carts/current?sessionId=smoke-flow-f8677525a7014be4b8e747edfac84a0f","statusCode":200,"durationMs":6,"ip":"::1","userAgent":"Mozilla/5.0 (Windows NT; Windows NT 10.0; en-BZ) WindowsPowerShell/5.1.26100.8457"}[39m
[32m[Nest] 1456  - [39m17/05/2026, 20:01:10 [32m    LOG[39m [38;5;3m[commerce-service] [39m[32m{"message":"HTTP Request","requestId":"57e40cfc-906c-461f-897b-e9ebbaa35280","serviceName":"commerce-service","method":"POST","path":"/api/checkout","statusCode":201,"durationMs":23,"ip":"::1","userAgent":"Mozilla/5.0 (Windows NT; Windows NT 10.0; en-BZ) WindowsPowerShell/5.1.26100.8457"}[39m
[32m[Nest] 1456  - [39m17/05/2026, 20:01:11 [32m    LOG[39m [38;5;3m[commerce-service] [39m[32m{"message":"HTTP Request","requestId":"60eba5c9-a692-41d7-9369-928a9e972f41","serviceName":"commerce-service","method":"GET","path":"/api/orders","statusCode":200,"durationMs":3,"ip":"::1","userAgent":"Mozilla/5.0 (Windows NT; Windows NT 10.0; en-BZ) WindowsPowerShell/5.1.26100.8457"}[39m
[32m[Nest] 1456  - [39m17/05/2026, 20:01:11 [32m    LOG[39m [38;5;3m[commerce-service] [39m[32m{"message":"HTTP Request","requestId":"3740da49-c066-4810-9e3c-711a126c79f4","serviceName":"commerce-service","method":"GET","path":"/api/orders/","statusCode":200,"durationMs":4,"ip":"::1","userAgent":"Mozilla/5.0 (Windows NT; Windows NT 10.0; en-BZ) WindowsPowerShell/5.1.26100.8457"}[39m
[32m[Nest] 1456  - [39m17/05/2026, 20:01:11 [32m    LOG[39m [38;5;3m[commerce-service] [39m[32m{"message":"HTTP Request","requestId":"9a9dc12c-e1ed-40a1-b5dc-1db495790273","serviceName":"commerce-service","method":"GET","path":"/api/payments","statusCode":200,"durationMs":4,"ip":"::1","userAgent":"Mozilla/5.0 (Windows NT; Windows NT 10.0; en-BZ) WindowsPowerShell/5.1.26100.8457"}[39m
[32m[Nest] 1456  - [39m17/05/2026, 20:01:18 [32m    LOG[39m [38;5;3m[commerce-service] [39m[32m{"message":"HTTP Request","requestId":"ab24ab06-e7fc-485b-8476-0f3da8bc1e93","serviceName":"commerce-service","method":"GET","path":"/api/orders","statusCode":200,"durationMs":5,"ip":"::1","userAgent":"Mozilla/5.0 (Windows NT; Windows NT 10.0; en-BZ) WindowsPowerShell/5.1.26100.8457"}[39m
[32m[Nest] 1456  - [39m17/05/2026, 20:01:18 [32m    LOG[39m [38;5;3m[commerce-service] [39m[32m{"message":"HTTP Request","requestId":"e0a90641-696b-434d-aad6-6e8a0eab47fe","serviceName":"commerce-service","method":"GET","path":"/api/payments","statusCode":200,"durationMs":4,"ip":"::1","userAgent":"Mozilla/5.0 (Windows NT; Windows NT 10.0; en-BZ) WindowsPowerShell/5.1.26100.8457"}[39m
[32m[Nest] 1456  - [39m17/05/2026, 20:03:53 [32m    LOG[39m [38;5;3m[commerce-service] [39m[32m{"message":"HTTP Request","requestId":"d3e14fcb-5a8f-4a0c-8535-7a234403c517","serviceName":"commerce-service","method":"GET","path":"/api/categories","statusCode":200,"durationMs":6,"ip":"::1","userAgent":"Mozilla/5.0 (Windows NT 10.0; Win64; x64) AppleWebKit/537.36 (KHTML, like Gecko) Chrome/148.0.7778.96 Safari/537.36"}[39m
[32m[Nest] 1456  - [39m17/05/2026, 20:03:53 [32m    LOG[39m [38;5;3m[commerce-service] [39m[32m{"message":"HTTP Request","requestId":"3d0a38b2-37a8-4293-96ed-e53f700ee960","serviceName":"commerce-service","method":"GET","path":"/api/brands","statusCode":200,"durationMs":6,"ip":"::1","userAgent":"Mozilla/5.0 (Windows NT 10.0; Win64; x64) AppleWebKit/537.36 (KHTML, like Gecko) Chrome/148.0.7778.96 Safari/537.36"}[39m
[32m[Nest] 1456  - [39m17/05/2026, 20:03:53 [32m    LOG[39m [38;5;3m[commerce-service] [39m[32m{"message":"HTTP Request","requestId":"596c266f-df54-41d9-81ed-3ff68ba2c51d","serviceName":"commerce-service","method":"GET","path":"/api/products?page=1&limit=10","statusCode":200,"durationMs":7,"ip":"::1","userAgent":"Mozilla/5.0 (Windows NT 10.0; Win64; x64) AppleWebKit/537.36 (KHTML, like Gecko) Chrome/148.0.7778.96 Safari/537.36"}[39m
[32m[Nest] 1456  - [39m17/05/2026, 20:03:53 [32m    LOG[39m [38;5;3m[commerce-service] [39m[32m{"message":"HTTP Request","requestId":"593b3da6-d01a-4138-b2ce-660b5dfce8ee","serviceName":"commerce-service","method":"GET","path":"/api/categories","statusCode":200,"durationMs":5,"ip":"::1","userAgent":"Mozilla/5.0 (Windows NT 10.0; Win64; x64) AppleWebKit/537.36 (KHTML, like Gecko) Chrome/148.0.7778.96 Safari/537.36"}[39m
[32m[Nest] 1456  - [39m17/05/2026, 20:03:53 [32m    LOG[39m [38;5;3m[commerce-service] [39m[32m{"message":"HTTP Request","requestId":"867289a4-5fec-45bd-bad9-cb8c6f7efce2","serviceName":"commerce-service","method":"GET","path":"/api/brands","statusCode":200,"durationMs":4,"ip":"::1","userAgent":"Mozilla/5.0 (Windows NT 10.0; Win64; x64) AppleWebKit/537.36 (KHTML, like Gecko) Chrome/148.0.7778.96 Safari/537.36"}[39m
[32m[Nest] 1456  - [39m17/05/2026, 20:03:53 [32m    LOG[39m [38;5;3m[commerce-service] [39m[32m{"message":"HTTP Request","requestId":"8ae93e00-5ecd-484e-ab63-4daea1c389ae","serviceName":"commerce-service","method":"GET","path":"/api/products?page=1&limit=10","statusCode":200,"durationMs":6,"ip":"::1","userAgent":"Mozilla/5.0 (Windows NT 10.0; Win64; x64) AppleWebKit/537.36 (KHTML, like Gecko) Chrome/148.0.7778.96 Safari/537.36"}[39m
[32m[Nest] 1456  - [39m17/05/2026, 20:03:54 [32m    LOG[39m [38;5;3m[commerce-service] [39m[32m{"message":"HTTP Request","requestId":"0b267594-fd68-4b55-87be-f1c70a0fbaf6","serviceName":"commerce-service","method":"POST","path":"/api/carts/items?sessionId=web-4b2a6efd-05b4-4b7f-aeba-36af99c0d91a","statusCode":201,"durationMs":12,"ip":"::1","userAgent":"Mozilla/5.0 (Windows NT 10.0; Win64; x64) AppleWebKit/537.36 (KHTML, like Gecko) Chrome/148.0.7778.96 Safari/537.36"}[39m
[32m[Nest] 1456  - [39m17/05/2026, 20:03:54 [32m    LOG[39m [38;5;3m[commerce-service] [39m[32m{"message":"HTTP Request","requestId":"f17a4ef0-b0ab-4f97-b8f0-a21a44daeb89","serviceName":"commerce-service","method":"GET","path":"/api/carts/current?sessionId=web-4b2a6efd-05b4-4b7f-aeba-36af99c0d91a","statusCode":200,"durationMs":6,"ip":"::1","userAgent":"Mozilla/5.0 (Windows NT 10.0; Win64; x64) AppleWebKit/537.36 (KHTML, like Gecko) Chrome/148.0.7778.96 Safari/537.36"}[39m
[32m[Nest] 1456  - [39m17/05/2026, 20:03:54 [32m    LOG[39m [38;5;3m[commerce-service] [39m[32m{"message":"HTTP Request","requestId":"0384fb20-6611-499c-88bb-cf8b5b3f2166","serviceName":"commerce-service","method":"GET","path":"/api/carts/current?sessionId=web-4b2a6efd-05b4-4b7f-aeba-36af99c0d91a","statusCode":200,"durationMs":4,"ip":"::1","userAgent":"Mozilla/5.0 (Windows NT 10.0; Win64; x64) AppleWebKit/537.36 (KHTML, like Gecko) Chrome/148.0.7778.96 Safari/537.36"}[39m
[32m[Nest] 1456  - [39m17/05/2026, 20:03:55 [32m    LOG[39m [38;5;3m[commerce-service] [39m[32m{"message":"HTTP Request","requestId":"d31350e3-254e-45ca-bd72-06abc9a40a2b","serviceName":"commerce-service","method":"GET","path":"/api/carts/current?sessionId=web-4b2a6efd-05b4-4b7f-aeba-36af99c0d91a","statusCode":200,"durationMs":5,"ip":"::1","userAgent":"Mozilla/5.0 (Windows NT 10.0; Win64; x64) AppleWebKit/537.36 (KHTML, like Gecko) Chrome/148.0.7778.96 Safari/537.36"}[39m
[32m[Nest] 1456  - [39m17/05/2026, 20:03:55 [32m    LOG[39m [38;5;3m[commerce-service] [39m[32m{"message":"HTTP Request","requestId":"b11825a2-202d-4fcd-9930-88b144bad7f1","serviceName":"commerce-service","method":"GET","path":"/api/carts/current?sessionId=web-4b2a6efd-05b4-4b7f-aeba-36af99c0d91a","statusCode":200,"durationMs":5,"ip":"::1","userAgent":"Mozilla/5.0 (Windows NT 10.0; Win64; x64) AppleWebKit/537.36 (KHTML, like Gecko) Chrome/148.0.7778.96 Safari/537.36"}[39m
[32m[Nest] 1456  - [39m17/05/2026, 20:03:55 [32m    LOG[39m [38;5;3m[commerce-service] [39m[32m{"message":"HTTP Request","requestId":"8a86556a-35b6-4a0e-81e8-b7f5837dfc0b","serviceName":"commerce-service","method":"POST","path":"/api/checkout","statusCode":201,"durationMs":21,"ip":"::1","userAgent":"Mozilla/5.0 (Windows NT 10.0; Win64; x64) AppleWebKit/537.36 (KHTML, like Gecko) Chrome/148.0.7778.96 Safari/537.36"}[39m
[32m[Nest] 1456  - [39m17/05/2026, 20:03:55 [32m    LOG[39m [38;5;3m[commerce-service] [39m[32m{"message":"HTTP Request","requestId":"9811c017-9938-4b72-bdd8-dbf239ea458d","serviceName":"commerce-service","method":"GET","path":"/api/orders/2b2d660d-dc53-431d-b53f-e3c84e3bfee6","statusCode":200,"durationMs":3,"ip":"::1","userAgent":"Mozilla/5.0 (Windows NT 10.0; Win64; x64) AppleWebKit/537.36 (KHTML, like Gecko) Chrome/148.0.7778.96 Safari/537.36"}[39m
[32m[Nest] 1456  - [39m17/05/2026, 20:03:55 [32m    LOG[39m [38;5;3m[commerce-service] [39m[32m{"message":"HTTP Request","requestId":"bcc4a2c0-ee86-407f-badd-9c94e6b08822","serviceName":"commerce-service","method":"GET","path":"/api/orders/2b2d660d-dc53-431d-b53f-e3c84e3bfee6","statusCode":200,"durationMs":5,"ip":"::1","userAgent":"Mozilla/5.0 (Windows NT 10.0; Win64; x64) AppleWebKit/537.36 (KHTML, like Gecko) Chrome/148.0.7778.96 Safari/537.36"}[39m
[32m[Nest] 1456  - [39m17/05/2026, 20:03:57 [32m    LOG[39m [38;5;3m[commerce-service] [39m[32m{"message":"HTTP Request","requestId":"472522d4-b51d-495d-9812-68152ba0d43f","serviceName":"commerce-service","method":"GET","path":"/api/categories","statusCode":200,"durationMs":4,"ip":"::1","userAgent":"Mozilla/5.0 (Windows NT 10.0; Win64; x64) AppleWebKit/537.36 (KHTML, like Gecko) Chrome/148.0.7778.96 Safari/537.36"}[39m
[32m[Nest] 1456  - [39m17/05/2026, 20:03:57 [32m    LOG[39m [38;5;3m[commerce-service] [39m[32m{"message":"HTTP Request","requestId":"ba3e6bed-7f26-4378-9d4f-a1520c7d2e26","serviceName":"commerce-service","method":"GET","path":"/api/brands","statusCode":200,"durationMs":3,"ip":"::1","userAgent":"Mozilla/5.0 (Windows NT 10.0; Win64; x64) AppleWebKit/537.36 (KHTML, like Gecko) Chrome/148.0.7778.96 Safari/537.36"}[39m
[32m[Nest] 1456  - [39m17/05/2026, 20:03:57 [32m    LOG[39m [38;5;3m[commerce-service] [39m[32m{"message":"HTTP Request","requestId":"d368dca4-12ff-4f79-9b9a-af140985870b","serviceName":"commerce-service","method":"GET","path":"/api/categories","statusCode":200,"durationMs":5,"ip":"::1","userAgent":"Mozilla/5.0 (Windows NT 10.0; Win64; x64) AppleWebKit/537.36 (KHTML, like Gecko) Chrome/148.0.7778.96 Safari/537.36"}[39m
[32m[Nest] 1456  - [39m17/05/2026, 20:03:57 [32m    LOG[39m [38;5;3m[commerce-service] [39m[32m{"message":"HTTP Request","requestId":"aec9730d-441a-4592-9bd1-e756f518690b","serviceName":"commerce-service","method":"GET","path":"/api/brands","statusCode":200,"durationMs":4,"ip":"::1","userAgent":"Mozilla/5.0 (Windows NT 10.0; Win64; x64) AppleWebKit/537.36 (KHTML, like Gecko) Chrome/148.0.7778.96 Safari/537.36"}[39m
[32m[Nest] 1456  - [39m17/05/2026, 20:03:57 [32m    LOG[39m [38;5;3m[commerce-service] [39m[32m{"message":"HTTP Request","requestId":"8820ece9-8b5a-4ff6-9479-fdf0646b8bda","serviceName":"commerce-service","method":"GET","path":"/api/products?page=1&limit=10","statusCode":200,"durationMs":10,"ip":"::1","userAgent":"Mozilla/5.0 (Windows NT 10.0; Win64; x64) AppleWebKit/537.36 (KHTML, like Gecko) Chrome/148.0.7778.96 Safari/537.36"}[39m
[32m[Nest] 1456  - [39m17/05/2026, 20:03:57 [32m    LOG[39m [38;5;3m[commerce-service] [39m[32m{"message":"HTTP Request","requestId":"5da59a8a-564a-49ab-8ba7-03fd27a3268c","serviceName":"commerce-service","method":"GET","path":"/api/products?page=1&limit=10","statusCode":200,"durationMs":4,"ip":"::1","userAgent":"Mozilla/5.0 (Windows NT 10.0; Win64; x64) AppleWebKit/537.36 (KHTML, like Gecko) Chrome/148.0.7778.96 Safari/537.36"}[39m
[32m[Nest] 1456  - [39m17/05/2026, 20:03:58 [32m    LOG[39m [38;5;3m[commerce-service] [39m[32m{"message":"HTTP Request","requestId":"cf2eef6d-8b42-4573-85bc-ba753fbbff1a","serviceName":"commerce-service","method":"GET","path":"/api/products/d6788cc3-c49d-4ca6-a17d-57f7f246a581","statusCode":200,"durationMs":6,"ip":"::1","userAgent":"Mozilla/5.0 (Windows NT 10.0; Win64; x64) AppleWebKit/537.36 (KHTML, like Gecko) Chrome/148.0.7778.96 Safari/537.36"}[39m
[32m[Nest] 1456  - [39m17/05/2026, 20:03:58 [32m    LOG[39m [38;5;3m[commerce-service] [39m[32m{"message":"HTTP Request","requestId":"47b1bef9-24b9-4791-ac6c-133808e712d0","serviceName":"commerce-service","method":"GET","path":"/api/products/d6788cc3-c49d-4ca6-a17d-57f7f246a581","statusCode":200,"durationMs":4,"ip":"::1","userAgent":"Mozilla/5.0 (Windows NT 10.0; Win64; x64) AppleWebKit/537.36 (KHTML, like Gecko) Chrome/148.0.7778.96 Safari/537.36"}[39m
[32m[Nest] 1456  - [39m17/05/2026, 20:03:59 [32m    LOG[39m [38;5;3m[commerce-service] [39m[32m{"message":"HTTP Request","requestId":"316808f2-6fd8-4ffd-a720-c07d7afc8527","serviceName":"commerce-service","method":"GET","path":"/api/categories","statusCode":200,"durationMs":4,"ip":"::1","userAgent":"Mozilla/5.0 (Windows NT 10.0; Win64; x64) AppleWebKit/537.36 (KHTML, like Gecko) Chrome/148.0.7778.96 Safari/537.36"}[39m
[32m[Nest] 1456  - [39m17/05/2026, 20:03:59 [32m    LOG[39m [38;5;3m[commerce-service] [39m[32m{"message":"HTTP Request","requestId":"e2989ea7-1da5-4303-b555-10c7b2f6cfff","serviceName":"commerce-service","method":"GET","path":"/api/categories","statusCode":200,"durationMs":4,"ip":"::1","userAgent":"Mozilla/5.0 (Windows NT 10.0; Win64; x64) AppleWebKit/537.36 (KHTML, like Gecko) Chrome/148.0.7778.96 Safari/537.36"}[39m
[32m[Nest] 1456  - [39m17/05/2026, 20:04:46 [32m    LOG[39m [38;5;3m[commerce-service] [39m[32m{"message":"HTTP Request","requestId":"3704bc50-6054-48a0-b667-0ddc80b2ba04","serviceName":"commerce-service","method":"GET","path":"/api/categories","statusCode":200,"durationMs":6,"ip":"::1","userAgent":"Mozilla/5.0 (Windows NT 10.0; Win64; x64) AppleWebKit/537.36 (KHTML, like Gecko) Chrome/148.0.7778.96 Safari/537.36"}[39m
[32m[Nest] 1456  - [39m17/05/2026, 20:04:46 [32m    LOG[39m [38;5;3m[commerce-service] [39m[32m{"message":"HTTP Request","requestId":"3868e3bb-99dc-40af-a839-ac2ca64910f3","serviceName":"commerce-service","method":"GET","path":"/api/products?page=1&limit=10","statusCode":200,"durationMs":12,"ip":"::1","userAgent":"Mozilla/5.0 (Windows NT 10.0; Win64; x64) AppleWebKit/537.36 (KHTML, like Gecko) Chrome/148.0.7778.96 Safari/537.36"}[39m
[32m[Nest] 1456  - [39m17/05/2026, 20:04:46 [32m    LOG[39m [38;5;3m[commerce-service] [39m[32m{"message":"HTTP Request","requestId":"c1256a44-0a4a-464f-8694-64eb4e49b4a3","serviceName":"commerce-service","method":"GET","path":"/api/categories","statusCode":200,"durationMs":6,"ip":"::1","userAgent":"Mozilla/5.0 (Windows NT 10.0; Win64; x64) AppleWebKit/537.36 (KHTML, like Gecko) Chrome/148.0.7778.96 Safari/537.36"}[39m
[32m[Nest] 1456  - [39m17/05/2026, 20:04:46 [32m    LOG[39m [38;5;3m[commerce-service] [39m[32m{"message":"HTTP Request","requestId":"ef69f9bd-daf0-4e94-90bd-be8e1d744da8","serviceName":"commerce-service","method":"GET","path":"/api/products?page=1&limit=10","statusCode":200,"durationMs":6,"ip":"::1","userAgent":"Mozilla/5.0 (Windows NT 10.0; Win64; x64) AppleWebKit/537.36 (KHTML, like Gecko) Chrome/148.0.7778.96 Safari/537.36"}[39m
[32m[Nest] 1456  - [39m17/05/2026, 20:04:46 [32m    LOG[39m [38;5;3m[commerce-service] [39m[32m{"message":"HTTP Request","requestId":"84f9edd6-540e-4119-b72e-1469807409bd","serviceName":"commerce-service","method":"GET","path":"/api/brands","statusCode":200,"durationMs":65,"ip":"::1","userAgent":"Mozilla/5.0 (Windows NT 10.0; Win64; x64) AppleWebKit/537.36 (KHTML, like Gecko) Chrome/148.0.7778.96 Safari/537.36"}[39m
[32m[Nest] 1456  - [39m17/05/2026, 20:04:46 [32m    LOG[39m [38;5;3m[commerce-service] [39m[32m{"message":"HTTP Request","requestId":"0167616a-0b24-4d7a-9fb2-a2d8e1bf5661","serviceName":"commerce-service","method":"GET","path":"/api/brands","statusCode":200,"durationMs":4,"ip":"::1","userAgent":"Mozilla/5.0 (Windows NT 10.0; Win64; x64) AppleWebKit/537.36 (KHTML, like Gecko) Chrome/148.0.7778.96 Safari/537.36"}[39m
[32m[Nest] 1456  - [39m17/05/2026, 20:04:46 [32m    LOG[39m [38;5;3m[commerce-service] [39m[32m{"message":"HTTP Request","requestId":"a0857216-9a97-49c5-a1e9-e7aea40d3f4d","serviceName":"commerce-service","method":"POST","path":"/api/carts/items?sessionId=web-7f890dda-55d5-4efb-a9df-901ab4e02148","statusCode":201,"durationMs":24,"ip":"::1","userAgent":"Mozilla/5.0 (Windows NT 10.0; Win64; x64) AppleWebKit/537.36 (KHTML, like Gecko) Chrome/148.0.7778.96 Safari/537.36"}[39m
[32m[Nest] 1456  - [39m17/05/2026, 20:04:47 [32m    LOG[39m [38;5;3m[commerce-service] [39m[32m{"message":"HTTP Request","requestId":"a2c55bc2-5006-4323-bcb0-75c9f84cfcd8","serviceName":"commerce-service","method":"GET","path":"/api/carts/current?sessionId=web-7f890dda-55d5-4efb-a9df-901ab4e02148","statusCode":200,"durationMs":5,"ip":"::1","userAgent":"Mozilla/5.0 (Windows NT 10.0; Win64; x64) AppleWebKit/537.36 (KHTML, like Gecko) Chrome/148.0.7778.96 Safari/537.36"}[39m
[32m[Nest] 1456  - [39m17/05/2026, 20:04:47 [32m    LOG[39m [38;5;3m[commerce-service] [39m[32m{"message":"HTTP Request","requestId":"761f048d-c0d1-4fd6-a919-b04500b38558","serviceName":"commerce-service","method":"GET","path":"/api/carts/current?sessionId=web-7f890dda-55d5-4efb-a9df-901ab4e02148","statusCode":200,"durationMs":7,"ip":"::1","userAgent":"Mozilla/5.0 (Windows NT 10.0; Win64; x64) AppleWebKit/537.36 (KHTML, like Gecko) Chrome/148.0.7778.96 Safari/537.36"}[39m
[32m[Nest] 1456  - [39m17/05/2026, 20:04:48 [32m    LOG[39m [38;5;3m[commerce-service] [39m[32m{"message":"HTTP Request","requestId":"526c9361-83f5-4dda-83fb-710278e8a8e8","serviceName":"commerce-service","method":"GET","path":"/api/carts/current?sessionId=web-7f890dda-55d5-4efb-a9df-901ab4e02148","statusCode":200,"durationMs":4,"ip":"::1","userAgent":"Mozilla/5.0 (Windows NT 10.0; Win64; x64) AppleWebKit/537.36 (KHTML, like Gecko) Chrome/148.0.7778.96 Safari/537.36"}[39m
[32m[Nest] 1456  - [39m17/05/2026, 20:04:48 [32m    LOG[39m [38;5;3m[commerce-service] [39m[32m{"message":"HTTP Request","requestId":"116eb1c8-fa70-4c5d-800c-66d156559060","serviceName":"commerce-service","method":"GET","path":"/api/carts/current?sessionId=web-7f890dda-55d5-4efb-a9df-901ab4e02148","statusCode":200,"durationMs":6,"ip":"::1","userAgent":"Mozilla/5.0 (Windows NT 10.0; Win64; x64) AppleWebKit/537.36 (KHTML, like Gecko) Chrome/148.0.7778.96 Safari/537.36"}[39m
[32m[Nest] 1456  - [39m17/05/2026, 20:04:48 [32m    LOG[39m [38;5;3m[commerce-service] [39m[32m{"message":"HTTP Request","requestId":"e9c39858-b709-46a4-bc9f-c529b2a20af1","serviceName":"commerce-service","method":"POST","path":"/api/checkout","statusCode":201,"durationMs":37,"ip":"::1","userAgent":"Mozilla/5.0 (Windows NT 10.0; Win64; x64) AppleWebKit/537.36 (KHTML, like Gecko) Chrome/148.0.7778.96 Safari/537.36"}[39m
[32m[Nest] 1456  - [39m17/05/2026, 20:04:48 [32m    LOG[39m [38;5;3m[commerce-service] [39m[32m{"message":"HTTP Request","requestId":"9357edf8-be7b-4c8b-a83c-73d703af5bee","serviceName":"commerce-service","method":"GET","path":"/api/orders/532b8a16-dca5-4fef-9711-757e30667c1e","statusCode":200,"durationMs":4,"ip":"::1","userAgent":"Mozilla/5.0 (Windows NT 10.0; Win64; x64) AppleWebKit/537.36 (KHTML, like Gecko) Chrome/148.0.7778.96 Safari/537.36"}[39m
[32m[Nest] 1456  - [39m17/05/2026, 20:04:48 [32m    LOG[39m [38;5;3m[commerce-service] [39m[32m{"message":"HTTP Request","requestId":"3065faae-f88a-4241-87fe-a078ece9c202","serviceName":"commerce-service","method":"GET","path":"/api/orders/532b8a16-dca5-4fef-9711-757e30667c1e","statusCode":200,"durationMs":3,"ip":"::1","userAgent":"Mozilla/5.0 (Windows NT 10.0; Win64; x64) AppleWebKit/537.36 (KHTML, like Gecko) Chrome/148.0.7778.96 Safari/537.36"}[39m
[32m[Nest] 1456  - [39m17/05/2026, 20:04:50 [32m    LOG[39m [38;5;3m[commerce-service] [39m[32m{"message":"HTTP Request","requestId":"7ed6495f-e374-4f32-be3d-49ee13b17c81","serviceName":"commerce-service","method":"GET","path":"/api/categories","statusCode":200,"durationMs":9,"ip":"::1","userAgent":"Mozilla/5.0 (Windows NT 10.0; Win64; x64) AppleWebKit/537.36 (KHTML, like Gecko) Chrome/148.0.7778.96 Safari/537.36"}[39m
[32m[Nest] 1456  - [39m17/05/2026, 20:04:50 [32m    LOG[39m [38;5;3m[commerce-service] [39m[32m{"message":"HTTP Request","requestId":"1231cd3e-b90d-449f-b186-265051fe309f","serviceName":"commerce-service","method":"GET","path":"/api/brands","statusCode":200,"durationMs":5,"ip":"::1","userAgent":"Mozilla/5.0 (Windows NT 10.0; Win64; x64) AppleWebKit/537.36 (KHTML, like Gecko) Chrome/148.0.7778.96 Safari/537.36"}[39m
[32m[Nest] 1456  - [39m17/05/2026, 20:04:50 [32m    LOG[39m [38;5;3m[commerce-service] [39m[32m{"message":"HTTP Request","requestId":"8dab83e3-8fe8-4143-ab7b-3d9a30cd5f1a","serviceName":"commerce-service","method":"GET","path":"/api/products?page=1&limit=10","statusCode":200,"durationMs":6,"ip":"::1","userAgent":"Mozilla/5.0 (Windows NT 10.0; Win64; x64) AppleWebKit/537.36 (KHTML, like Gecko) Chrome/148.0.7778.96 Safari/537.36"}[39m
[32m[Nest] 1456  - [39m17/05/2026, 20:04:50 [32m    LOG[39m [38;5;3m[commerce-service] [39m[32m{"message":"HTTP Request","requestId":"d24d7143-2c5f-42b5-87eb-d777244588ff","serviceName":"commerce-service","method":"GET","path":"/api/categories","statusCode":200,"durationMs":6,"ip":"::1","userAgent":"Mozilla/5.0 (Windows NT 10.0; Win64; x64) AppleWebKit/537.36 (KHTML, like Gecko) Chrome/148.0.7778.96 Safari/537.36"}[39m
[32m[Nest] 1456  - [39m17/05/2026, 20:04:50 [32m    LOG[39m [38;5;3m[commerce-service] [39m[32m{"message":"HTTP Request","requestId":"2dbbbb63-70c7-4456-9238-36a4bca3bd53","serviceName":"commerce-service","method":"GET","path":"/api/brands","statusCode":200,"durationMs":5,"ip":"::1","userAgent":"Mozilla/5.0 (Windows NT 10.0; Win64; x64) AppleWebKit/537.36 (KHTML, like Gecko) Chrome/148.0.7778.96 Safari/537.36"}[39m
[32m[Nest] 1456  - [39m17/05/2026, 20:04:50 [32m    LOG[39m [38;5;3m[commerce-service] [39m[32m{"message":"HTTP Request","requestId":"6f7ef347-f083-4173-82d6-fbcfc260b23d","serviceName":"commerce-service","method":"GET","path":"/api/products?page=1&limit=10","statusCode":200,"durationMs":6,"ip":"::1","userAgent":"Mozilla/5.0 (Windows NT 10.0; Win64; x64) AppleWebKit/537.36 (KHTML, like Gecko) Chrome/148.0.7778.96 Safari/537.36"}[39m
[32m[Nest] 1456  - [39m17/05/2026, 20:04:51 [32m    LOG[39m [38;5;3m[commerce-service] [39m[32m{"message":"HTTP Request","requestId":"b624dd42-84e2-4551-a4ff-d057800eb9d2","serviceName":"commerce-service","method":"GET","path":"/api/products/d6788cc3-c49d-4ca6-a17d-57f7f246a581","statusCode":200,"durationMs":5,"ip":"::1","userAgent":"Mozilla/5.0 (Windows NT 10.0; Win64; x64) AppleWebKit/537.36 (KHTML, like Gecko) Chrome/148.0.7778.96 Safari/537.36"}[39m
[32m[Nest] 1456  - [39m17/05/2026, 20:04:51 [32m    LOG[39m [38;5;3m[commerce-service] [39m[32m{"message":"HTTP Request","requestId":"bd9a1944-7c4c-465e-aaa6-caec0d5b812b","serviceName":"commerce-service","method":"GET","path":"/api/products/d6788cc3-c49d-4ca6-a17d-57f7f246a581","statusCode":200,"durationMs":4,"ip":"::1","userAgent":"Mozilla/5.0 (Windows NT 10.0; Win64; x64) AppleWebKit/537.36 (KHTML, like Gecko) Chrome/148.0.7778.96 Safari/537.36"}[39m
[32m[Nest] 1456  - [39m17/05/2026, 20:04:52 [32m    LOG[39m [38;5;3m[commerce-service] [39m[32m{"message":"HTTP Request","requestId":"1192c3cd-65a5-49b8-9664-27d06ffe4522","serviceName":"commerce-service","method":"GET","path":"/api/categories","statusCode":200,"durationMs":2,"ip":"::1","userAgent":"Mozilla/5.0 (Windows NT 10.0; Win64; x64) AppleWebKit/537.36 (KHTML, like Gecko) Chrome/148.0.7778.96 Safari/537.36"}[39m
[32m[Nest] 1456  - [39m17/05/2026, 20:04:52 [32m    LOG[39m [38;5;3m[commerce-service] [39m[32m{"message":"HTTP Request","requestId":"cc4ef7b3-f9e4-45b7-8869-9d284f225e1b","serviceName":"commerce-service","method":"GET","path":"/api/categories","statusCode":200,"durationMs":5,"ip":"::1","userAgent":"Mozilla/5.0 (Windows NT 10.0; Win64; x64) AppleWebKit/537.36 (KHTML, like Gecko) Chrome/148.0.7778.96 Safari/537.36"}[39m
[32m[Nest] 1456  - [39m17/05/2026, 20:04:53 [32m    LOG[39m [38;5;3m[commerce-service] [39m[32m{"message":"HTTP Request","requestId":"acf9fdb7-cf17-41b5-8810-ccb290616a52","serviceName":"commerce-service","method":"GET","path":"/api/brands","statusCode":200,"durationMs":3,"ip":"::1","userAgent":"Mozilla/5.0 (Windows NT 10.0; Win64; x64) AppleWebKit/537.36 (KHTML, like Gecko) Chrome/148.0.7778.96 Safari/537.36"}[39m
[32m[Nest] 1456  - [39m17/05/2026, 20:04:53 [32m    LOG[39m [38;5;3m[commerce-service] [39m[32m{"message":"HTTP Request","requestId":"cf416ca8-40fc-4522-8f11-1825a72fed9e","serviceName":"commerce-service","method":"GET","path":"/api/brands","statusCode":200,"durationMs":4,"ip":"::1","userAgent":"Mozilla/5.0 (Windows NT 10.0; Win64; x64) AppleWebKit/537.36 (KHTML, like Gecko) Chrome/148.0.7778.96 Safari/537.36"}[39m
[32m[Nest] 1456  - [39m17/05/2026, 20:05:27 [32m    LOG[39m [38;5;3m[commerce-service] [39m[32m{"message":"HTTP Request","requestId":"e90b26d8-64aa-49b9-be6e-87b38b8a5d05","serviceName":"commerce-service","method":"GET","path":"/api/categories","statusCode":200,"durationMs":10,"ip":"::1","userAgent":"Mozilla/5.0 (Windows NT 10.0; Win64; x64) AppleWebKit/537.36 (KHTML, like Gecko) HeadlessChrome/148.0.7778.96 Safari/537.36"}[39m
[32m[Nest] 1456  - [39m17/05/2026, 20:05:27 [32m    LOG[39m [38;5;3m[commerce-service] [39m[32m{"message":"HTTP Request","requestId":"43cf7fac-f720-4989-bf03-f083586d130c","serviceName":"commerce-service","method":"GET","path":"/api/brands","statusCode":200,"durationMs":10,"ip":"::1","userAgent":"Mozilla/5.0 (Windows NT 10.0; Win64; x64) AppleWebKit/537.36 (KHTML, like Gecko) HeadlessChrome/148.0.7778.96 Safari/537.36"}[39m
[32m[Nest] 1456  - [39m17/05/2026, 20:05:27 [32m    LOG[39m [38;5;3m[commerce-service] [39m[32m{"message":"HTTP Request","requestId":"58e576ff-a423-4713-a3a7-8785a6020406","serviceName":"commerce-service","method":"GET","path":"/api/products?page=1&limit=10","statusCode":200,"durationMs":11,"ip":"::1","userAgent":"Mozilla/5.0 (Windows NT 10.0; Win64; x64) AppleWebKit/537.36 (KHTML, like Gecko) HeadlessChrome/148.0.7778.96 Safari/537.36"}[39m
[32m[Nest] 1456  - [39m17/05/2026, 20:05:27 [32m    LOG[39m [38;5;3m[commerce-service] [39m[32m{"message":"HTTP Request","requestId":"6e3991f8-df59-406e-a235-ef128474702e","serviceName":"commerce-service","method":"GET","path":"/api/categories","statusCode":200,"durationMs":7,"ip":"::1","userAgent":"Mozilla/5.0 (Windows NT 10.0; Win64; x64) AppleWebKit/537.36 (KHTML, like Gecko) HeadlessChrome/148.0.7778.96 Safari/537.36"}[39m
[32m[Nest] 1456  - [39m17/05/2026, 20:05:27 [32m    LOG[39m [38;5;3m[commerce-service] [39m[32m{"message":"HTTP Request","requestId":"f6a6c9cc-a86f-4669-8fe6-6da49b01767a","serviceName":"commerce-service","method":"GET","path":"/api/brands","statusCode":200,"durationMs":4,"ip":"::1","userAgent":"Mozilla/5.0 (Windows NT 10.0; Win64; x64) AppleWebKit/537.36 (KHTML, like Gecko) HeadlessChrome/148.0.7778.96 Safari/537.36"}[39m
[32m[Nest] 1456  - [39m17/05/2026, 20:05:27 [32m    LOG[39m [38;5;3m[commerce-service] [39m[32m{"message":"HTTP Request","requestId":"afa65d87-38c9-494d-ba1f-ec3fcbf440de","serviceName":"commerce-service","method":"GET","path":"/api/products?page=1&limit=10","statusCode":200,"durationMs":6,"ip":"::1","userAgent":"Mozilla/5.0 (Windows NT 10.0; Win64; x64) AppleWebKit/537.36 (KHTML, like Gecko) HeadlessChrome/148.0.7778.96 Safari/537.36"}[39m
[32m[Nest] 1456  - [39m17/05/2026, 20:05:27 [32m    LOG[39m [38;5;3m[commerce-service] [39m[32m{"message":"HTTP Request","requestId":"31253447-9ae0-463c-8a08-ab0081504db7","serviceName":"commerce-service","method":"GET","path":"/api/products/d6788cc3-c49d-4ca6-a17d-57f7f246a581","statusCode":200,"durationMs":5,"ip":"::1","userAgent":"Mozilla/5.0 (Windows NT 10.0; Win64; x64) AppleWebKit/537.36 (KHTML, like Gecko) HeadlessChrome/148.0.7778.96 Safari/537.36"}[39m
[32m[Nest] 1456  - [39m17/05/2026, 20:05:27 [32m    LOG[39m [38;5;3m[commerce-service] [39m[32m{"message":"HTTP Request","requestId":"7bfc0be6-e83d-467e-bc18-dc41d09b187a","serviceName":"commerce-service","method":"GET","path":"/api/products/d6788cc3-c49d-4ca6-a17d-57f7f246a581","statusCode":200,"durationMs":7,"ip":"::1","userAgent":"Mozilla/5.0 (Windows NT 10.0; Win64; x64) AppleWebKit/537.36 (KHTML, like Gecko) HeadlessChrome/148.0.7778.96 Safari/537.36"}[39m
[32m[Nest] 1456  - [39m17/05/2026, 20:05:28 [32m    LOG[39m [38;5;3m[commerce-service] [39m[32m{"message":"HTTP Request","requestId":"81d20116-617b-4d42-8291-31e9007023ce","serviceName":"commerce-service","method":"GET","path":"/api/carts/current?sessionId=web-75da3c47-750a-4fdc-9c2b-242a5d15e67c","statusCode":200,"durationMs":9,"ip":"::1","userAgent":"Mozilla/5.0 (Windows NT 10.0; Win64; x64) AppleWebKit/537.36 (KHTML, like Gecko) HeadlessChrome/148.0.7778.96 Safari/537.36"}[39m
[32m[Nest] 1456  - [39m17/05/2026, 20:05:28 [32m    LOG[39m [38;5;3m[commerce-service] [39m[32m{"message":"HTTP Request","requestId":"95a13ad6-6264-495b-83e6-70dc8c6f55ab","serviceName":"commerce-service","method":"GET","path":"/api/carts/current?sessionId=web-75da3c47-750a-4fdc-9c2b-242a5d15e67c","statusCode":200,"durationMs":5,"ip":"::1","userAgent":"Mozilla/5.0 (Windows NT 10.0; Win64; x64) AppleWebKit/537.36 (KHTML, like Gecko) HeadlessChrome/148.0.7778.96 Safari/537.36"}[39m
[32m[Nest] 1456  - [39m17/05/2026, 20:05:29 [32m    LOG[39m [38;5;3m[commerce-service] [39m[32m{"message":"HTTP Request","requestId":"fc14492b-9c22-4d65-97a2-003bbe0f3117","serviceName":"commerce-service","method":"GET","path":"/api/orders?page=1&limit=20","statusCode":200,"durationMs":9,"ip":"::1","userAgent":"Mozilla/5.0 (Windows NT 10.0; Win64; x64) AppleWebKit/537.36 (KHTML, like Gecko) HeadlessChrome/148.0.7778.96 Safari/537.36"}[39m
[32m[Nest] 1456  - [39m17/05/2026, 20:05:29 [32m    LOG[39m [38;5;3m[commerce-service] [39m[32m{"message":"HTTP Request","requestId":"f8ea11cd-5575-469a-8468-a2c7b7307968","serviceName":"commerce-service","method":"GET","path":"/api/orders?page=1&limit=20","statusCode":200,"durationMs":5,"ip":"::1","userAgent":"Mozilla/5.0 (Windows NT 10.0; Win64; x64) AppleWebKit/537.36 (KHTML, like Gecko) HeadlessChrome/148.0.7778.96 Safari/537.36"}[39m
